make all --print-data-base --no-builtin-variables --no-builtin-rules --question
# GNU Make 4.2.1
# Built for x86_64-pc-linux-gnu
# Copyright (C) 1988-2016 Free Software Foundation, Inc.
# License GPLv3+: GNU GPL version 3 or later <http://gnu.org/licenses/gpl.html>
# This is free software: you are free to change and redistribute it.
# There is NO WARRANTY, to the extent permitted by law.

# Make data base, printed on Sun Nov 28 22:14:02 2021

# Variables

# 'override' directive
GNUMAKEFLAGS := 
# automatic
<D = $(patsubst %/,%,$(dir $<))
# automatic
?F = $(notdir $?)
# environment
 
DESKTOP_SESSION = ubuntu
# default
.SHELLFLAGS := -c
# environment
XDG_SESSION_CLASS = user
# environment
XDG_SESSION_TYPE = x11
# environment
VSCODE_LOG_NATIVE = false
# automatic
?D = $(patsubst %/,%,$(dir $?))
# environment
IM_CONFIG_PHASE = 1
# automatic
@D = $(patsubst %/,%,$(dir $@))
# environment
XAUTHORITY = /run/user/1000/gdm/Xauthority
# environment
GDMSESSION = ubuntu
# environment
XMODIFIERS = @im=fcitx
# makefile
CURDIR := /home/qgjyf2001/temp/NN/luadec/lua-5.3/src
# makefile
SHELL = /bin/sh
# makefile (from 'Makefile', line 16)
RM = rm -f
# makefile (from 'Makefile', line 20)
SYSLIBS = 
# environment
VSCODE_NLS_CONFIG = {"locale":"zh-cn","availableLanguages":{},"_languagePackSupport":true}
# environment
_ = /usr/share/code/code
# makefile (from 'Makefile', line 10)
CFLAGS = -O2 -Wall -Wextra -DLUA_COMPAT_5_2 $(SYSCFLAGS) $(MYCFLAGS)
# environment
JOURNAL_STREAM = 8:42806
# environment
XDG_CONFIG_DIRS = /etc/xdg/xdg-ubuntu:/etc/xdg
# makefile (from 'Makefile', line 43)
LUAC_O = luac.o
# makefile (from 'Makefile', line 1)
MAKEFILE_LIST :=  Makefile
# automatic
@F = $(notdir $@)
# environment
GIO_LAUNCHED_DESKTOP_FILE = /usr/share/applications/code.desktop
# environment
USERNAME = qgjyf2001
# environment
MAKELEVEL := 0
# environment
MANDATORY_PATH = /usr/share/gconf/ubuntu.mandatory.path
# environment
XDG_DATA_DIRS = /usr/share/ubuntu:/usr/local/share/:/usr/share/
# environment
DBUS_SESSION_BUS_ADDRESS = unix:path=/run/user/1000/bus
# environment
VSCODE_VERBOSE_LOGGING = true
# environment
MANAGERPID = 1480
# makefile (from 'Makefile', line 29)
PLATS = aix bsd c89 freebsd generic linux macosx mingw posix solaris
# environment
CLUTTER_IM_MODULE = fcitx
# environment
LESSOPEN = | /usr/bin/lesspipe %s
# environment
LC_NAME = zh_CN.UTF-8
# environment
VSCODE_CWD = /home/qgjyf2001
# default
MAKE_HOST := x86_64-pc-linux-gnu
# environment
PATH = /home/qgjyf2001/.local/bin:~/anaconda3/bin:/home/qgjyf2001/.local/bin:/usr/local/sbin:/usr/local/bin:/usr/sbin:/usr/bin:/sbin:/bin:/usr/games:/usr/local/games:/snap/bin
# makefile (from 'Makefile', line 7)
PLAT = none
# makefile (from 'Makefile', line 47)
ALL_A = $(LUA_A)
# environment
GPG_AGENT_INFO = /run/user/1000/gnupg/S.gpg-agent:0:1
# environment
GJS_DEBUG_OUTPUT = stderr
# environment
SESSION_MANAGER = local/wycfather:@/tmp/.ICE-unix/1695,unix/wycfather:/tmp/.ICE-unix/1695
# environment
XDG_RUNTIME_DIR = /run/user/1000
# makefile (from 'Makefile', line 22)
MYCFLAGS = 
# makefile (from 'Makefile', line 37)
BASE_O = $(CORE_O) $(LIB_O) $(MYOBJS)
# makefile (from 'Makefile', line 14)
AR = ar rcu
# environment
XDG_MENU_PREFIX = gnome-
# environment
VSCODE_LOG_STACK = false
# makefile (from 'Makefile', line 39)
LUA_T = lua
# environment
VSCODE_CRASH_REPORTER_START_OPTIONS = {"companyName":"Microsoft","productName":"VSCode","submitURL":"appcenter://code?aid=fba07a4d-84bd-4fc8-a125-9640fc8ce171&uid=50a9fddc-b1e9-4ca0-a496-2364db743386&iid=50a9fddc-b1e9-4ca0-a496-2364db743386&sid=50a9fddc-b1e9-4ca0-a496-2364db743386","uploadToServer":true}
# environment
INVOCATION_ID = 6d8d17e96fbd4f04acd38e316c4e0128
# makefile (from 'Makefile', line 11)
LDFLAGS = $(SYSLDFLAGS) $(MYLDFLAGS)
# default
.FEATURES := target-specific order-only second-expansion else-if shortest-stem undefine oneshell archives jobserver output-sync check-symlink load
# makefile (from 'Makefile', line 35)
LIB_O = lauxlib.o lbaselib.o lbitlib.o lcorolib.o ldblib.o liolib.o lmathlib.o loslib.o lstrlib.o ltablib.o lutf8lib.o loadlib.o linit.o
# environment
LS_COLORS = 
# environment
XDG_SESSION_DESKTOP = ubuntu
# environment
SSH_AUTH_SOCK = /run/user/1000/keyring/ssh
# environment
GIO_LAUNCHED_DESKTOP_FILE_PID = 4272
# automatic
%F = $(notdir $%)
# makefile (from 'Makefile', line 24)
MYLIBS = 
# environment
DISPLAY = :1
# environment
GTK_IM_MODULE = fcitx
# environment
VSCODE_PIPE_LOGGING = true
# environment
PWD = /home/qgjyf2001/temp/NN/luadec/lua-5.3/src
# default
.LOADED := 
# environment
SSH_AGENT_PID = 1651
# environment
ORIGINAL_XDG_CURRENT_DESKTOP = ubuntu:GNOME
# environment
GTK_MODULES = gail:atk-bridge
# makefile (from 'Makefile', line 25)
MYOBJS = 
# environment
VSCODE_AMD_ENTRYPOINT = vs/workbench/services/extensions/node/extensionHostProcess
# environment
HOME = /home/qgjyf2001
# environment
LD_LIBRARY_PATH = :/usr/local/lib
# environment
LESSCLOSE = /usr/bin/lesspipe %s %s
# environment
LOGNAME = qgjyf2001
# environment
APPLICATION_INSIGHTS_NO_DIAGNOSTIC_CHANNEL = true
# makefile (from 'Makefile', line 15)
RANLIB = ranlib
# automatic
+F = $(notdir $+)
# environment
VSCODE_HANDLES_UNCAUGHT_ERRORS = true
# environment
GNOME_DESKTOP_SESSION_ID = this-is-deprecated
# automatic
^D = $(patsubst %/,%,$(dir $^))
# makefile (from 'Makefile', line 19)
SYSLDFLAGS = 
# environment
LC_TIME = zh_CN.UTF-8
# default
MAKE = $(MAKE_COMMAND)
# default
MAKECMDGOALS := all
# makefile (from 'Makefile', line 46)
ALL_T = $(LUA_A)
# environment
QT_IM_MODULE = fcitx
# environment
SHLVL = 0
# makefile (from 'Makefile', line 9)
CC = gcc -std=gnu99
# environment
GNOME_SHELL_SESSION_MODE = ubuntu
# environment
VSCODE_IPC_HOOK_EXTHOST = /run/user/1000/vscode-ipc-b31bda51-6cb7-4084-8d14-e18a18505ea6.sock
# default
MAKE_VERSION := 4.2.1
# makefile (from 'Makefile', line 42)
LUAC_T = luac
# environment
USER = qgjyf2001
# environment
LC_MONETARY = zh_CN.UTF-8
# makefile
.DEFAULT_GOAL := default
# makefile (from 'Makefile', line 40)
LUA_O = lua.o
# environment
XDG_CURRENT_DESKTOP = Unity
# makefile (from 'Makefile', line 85)
ALL = all
# automatic
%D = $(patsubst %/,%,$(dir $%))
# environment
LC_TELEPHONE = zh_CN.UTF-8
# default
MAKE_COMMAND := make
# environment
VSCODE_NODE_CACHED_DATA_DIR = /home/qgjyf2001/.config/Code/CachedData/054a9295330880ed74ceaedda236253b4f39a335
# default
.VARIABLES := 
# automatic
*F = $(notdir $*)
# environment
LANGUAGE = zh_CN:zh:en_US:en
# environment
VSCODE_IPC_HOOK = /run/user/1000/vscode-fe830ca3-1.56.2-main.sock
# makefile
MAKEFLAGS = pqrR
# environment
MFLAGS = -pqrR
# automatic
*D = $(patsubst %/,%,$(dir $*))
# environment
BREAKPAD_DUMP_LOCATION = /home/qgjyf2001/.config/Code/exthost Crash Reports
# makefile (from 'Makefile', line 45)
ALL_O = $(BASE_O) $(LUA_O) $(LUAC_O)
# automatic
+D = $(patsubst %/,%,$(dir $+))
# environment
GDK_BACKEND = x11
# environment
LC_PAPER = zh_CN.UTF-8
# environment
QT_ACCESSIBILITY = 1
# environment
DEFAULTS_PATH = /usr/share/gconf/ubuntu.default.path
# makefile (from 'Makefile', line 31)
LUA_A = liblua.a
# default
MAKEFILES := 
# environment
LC_NUMERIC = zh_CN.UTF-8
# automatic
<F = $(notdir $<)
# environment
ELECTRON_RUN_AS_NODE = 1
# environment
LC_MEASUREMENT = zh_CN.UTF-8
# makefile (from 'Makefile', line 23)
MYLDFLAGS = 
# environment
LC_ALL = C
# environment
QT4_IM_MODULE = fcitx
# environment
GJS_DEBUG_TOPICS = JS ERROR;JS LOG
# makefile (from 'Makefile', line 12)
LIBS = -lm $(SYSLIBS) $(MYLIBS)
# automatic
^F = $(notdir $^)
# default
SUFFIXES := 
# environment
CHROME_DESKTOP = code-url-handler.desktop
# environment
WINDOWPATH = 2
# default
.INCLUDE_DIRS = /usr/include /usr/local/include /usr/include
# environment
LC_IDENTIFICATION = zh_CN.UTF-8
# makefile (from 'Makefile', line 18)
SYSCFLAGS = 
# default
.RECIPEPREFIX := 
# makefile (from 'Makefile', line 32)
CORE_O = lapi.o lcode.o lctype.o ldebug.o ldo.o ldump.o lfunc.o lgc.o llex.o lmem.o lobject.o lopcodes.o lparser.o lstate.o lstring.o ltable.o ltm.o lundump.o lvm.o lzio.o
# environment
LC_ADDRESS = zh_CN.UTF-8
# environment
LANG = C
# environment
VSCODE_PID = 4272
# variable set hash-table stats:
# Load=143/1024=14%, Rehash=0, Collisions=34/193=18%

# Pattern-specific Variable Values

# No pattern-specific variable values.

# Directories

# . (device 2051, inode 2842770): 101 files, no impossibilities.

# 101 files, no impossibilities in 1 directories.

# Implicit Rules

# No implicit rules.

# Files

ldebug.o: ldebug.c lprefix.h lua.h luaconf.h lapi.h llimits.h lstate.h lobject.h ltm.h lzio.h lmem.h lcode.h llex.h lopcodes.h lparser.h ldebug.h ldo.h lfunc.h lstring.h lgc.h ltable.h lvm.h
#  Implicit rule search has been done.
#  Last modified 2021-11-28 22:07:51.660062439
#  File has been updated.
#  Successfully updated.

# Not a target:
lmem.h:
#  Implicit rule search has been done.
#  Last modified 2021-11-28 21:55:20.630032
#  File has been updated.
#  Successfully updated.

lauxlib.o: lauxlib.c lprefix.h lua.h luaconf.h lauxlib.h
#  Implicit rule search has been done.
#  Last modified 2021-11-28 22:07:53.559926315
#  File has been updated.
#  Successfully updated.

ldump.o: ldump.c lprefix.h lua.h luaconf.h lobject.h llimits.h lstate.h ltm.h lzio.h lmem.h lundump.h
#  Implicit rule search has been done.
#  Last modified 2021-11-28 22:07:51.852048669
#  File has been updated.
#  Successfully updated.

lcorolib.o: lcorolib.c lprefix.h lua.h luaconf.h lauxlib.h lualib.h
#  Implicit rule search has been done.
#  Last modified 2021-11-28 22:07:53.73991343
#  File has been updated.
#  Successfully updated.

# Not a target:
lparser.c:
#  Implicit rule search has been done.
#  Last modified 2021-11-28 21:55:20.630032
#  File has been updated.
#  Successfully updated.

# Not a target:
lua.c:
#  Implicit rule search has not been done.
#  Modification time never checked.
#  File has not been updated.

# Not a target:
llex.c:
#  Implicit rule search has been done.
#  Last modified 2021-11-28 21:55:20.630032
#  File has been updated.
#  Successfully updated.

# Not a target:
lopcodes.c:
#  Implicit rule search has been done.
#  Last modified 2021-11-28 21:55:20.630032
#  File has been updated.
#  Successfully updated.

a: liblua.a
#  Phony target (prerequisite of .PHONY).
#  Implicit rule search has not been done.
#  File does not exist.
#  File has not been updated.

# Not a target:
linit.c:
#  Implicit rule search has been done.
#  Last modified 2021-11-28 21:55:20.626031
 
#  File has been updated.
#  Successfully updated.

# Not a target:
loslib.c:
#  Implicit rule search has been done.
#  Last modified 2021-11-28 21:55:20.630032
#  File has been updated.
#  Successfully updated.

all: liblua.a
#  Phony target (prerequisite of .PHONY).
#  Command line target.
#  Implicit rule search has not been done.
#  File does not exist.
#  File has been updated.
#  Successfully updated.

 
lzio.o: lzio.c lprefix.h lua.h luaconf.h llimits.h lmem.h lstate.h lobject.h ltm.h lzio.h
#  Implicit rule search has been done.
#  Last modified 2021-11-28 22:07:53.387938628
#  File has been updated.
#  Successfully updated.

lstate.o: lstate.c lprefix.h lua.h luaconf.h lapi.h llimits.h lstate.h lobject.h ltm.h lzio.h lmem.h ldebug.h ldo.h lfunc.h lgc.h llex.h lstring.h ltable.h
#  Implicit rule search has been done.
 
#  Last modified 2021-11-28 22:07:52.703987612
#  File has been updated.
#  Successfully updated.

lctype.o: lctype.c lprefix.h lctype.h lua.h luaconf.h llimits.h
#  Implicit rule search has been done.
#  Last modified 2021-11-28 22:07:51.536071332
#  File has been updated.
#  Successfully updated.

# Not a target:
ltable.c:
#  Implicit rule search has been done.
#  Last modified 2021-11-28 21:55:20.630032
#  File has been updated.
#  Successfully updated.

.PHONY: all aix bsd c89 freebsd generic linux macosx mingw posix solaris default o a clean depend echo none
#  Implicit rule search has not been done.
#  Modification time never checked.
#  File has not been updated.

# Not a target:
lcorolib.c:
#  Implicit rule search has been done.
#  Last modified 2021-11-28 21:55:20.626031
#  File has been updated.
#  Successfully updated.

# Not a target:
lcode.c:
#  Implicit rule search has been done.
#  Last modified 2021-11-28 21:55:20.626031
#  File has been updated.
#  Successfully updated.

freebsd:
#  Phony target (prerequisite of .PHONY).
#  Implicit rule search has not been done.
#  File does not exist.
#  File has not been updated.
#  recipe to execute (from 'Makefile', line 105):
	$(MAKE) $(ALL) SYSCFLAGS="-DLUA_USE_LINUX" SYSLIBS="-Wl,-E -lreadline"

# Not a target:
lparser.h:
#  Implicit rule search has been done.
#  Last modified 2021-11-28 21:55:20.630032
#  File has been updated.
#  Successfully updated.

# Not a target:
ltablib.c:
#  Implicit rule search has been done.
#  Last modified 2021-11-28 21:55:20.630032
#  File has been updated.
 
#  Successfully updated.

lobject.o: lobject.c lprefix.h lua.h luaconf.h lctype.h llimits.h ldebug.h lstate.h lobject.h ltm.h lzio.h lmem.h ldo.h lstring.h lgc.h lvm.h
#  Implicit rule search has been done.
#  Last modified 2021-11-28 22:07:52.376011114
#  File has been updated.
#  Successfully updated.

# Not a target:
lbitlib.c:
#  Implicit rule search has been done.
#  Last modified 2021-11-28 21:55:20.626031
#  File has been updated.
#  Successfully updated.

liblua.a: lapi.o lcode.o lctype.o ldebug.o ldo.o ldump.o lfunc.o lgc.o llex.o lmem.o lobject.o lopcodes.o lparser.o lstate.o lstring.o ltable.o ltm.o lundump.o lvm.o lzio.o lauxlib.o lbaselib.o lbitlib.o lcorolib.o ldblib.o liolib.o lmathlib.o loslib.o lstrlib.o ltablib.o lutf8lib.o loadlib.o linit.o
#  Implicit rule search has not been done.
#  Last modified 2021-11-28 22:07:54.655847904
#  File has been updated.
#  Successfully updated.
#  recipe to execute (from 'Makefile', line 59):
	$(AR) $@ $(BASE_O)
	$(RANLIB) $@

# Not a target:
lua.h:
#  Implicit rule search has been done.
#  Last modified 2021-11-28 21:55:20.630032
#  File has been updated.
#  Successfully updated.

# Not a target:
lvm.c:
#  Implicit rule search has been done.
#  Last modified 2021-11-28 21:55:20.630032
#  File has been updated.
#  Successfully updated.

o: lapi.o lcode.o lctype.o ldebug.o ldo.o ldump.o lfunc.o lgc.o llex.o lmem.o lobject.o lopcodes.o lparser.o lstate.o lstring.o ltable.o ltm.o lundump.o lvm.o lzio.o lauxlib.o lbaselib.o lbitlib.o lcorolib.o ldblib.o liolib.o lmathlib.o loslib.o lstrlib.o ltablib.o lutf8lib.o loadlib.o linit.o lua.o luac.o
#  Phony target (prerequisite of .PHONY).
#  Implicit rule search has not been done.
#  File does not exist.
#  File has not been updated.

# Not a target:
llex.h:
#  Implicit rule search has been done.
#  Last modified 2021-11-28 21:55:20.630032
#  File has been updated.
#  Successfully updated.

# Not a target:
lopcodes.h:
#  Implicit rule search has been done.
#  Last modified 2021-11-28 21:55:20.630032
#  File has been updated.
#  Successfully updated.

ltablib.o: ltablib.c lprefix.h lua.h luaconf.h lauxlib.h lualib.h
#  Implicit rule search has been done.
#  Last modified 2021-11-28 22:07:54.487859918
#  File has been updated.
#  Successfully updated.

mingw:
#  Phony target (prerequisite of .PHONY).
#  Implicit rule search has not been done.
#  File does not exist.
#  File has not been updated.
#  recipe to execute (from 'Makefile', line 116):
	$(MAKE) "LUA_A=lua53.dll" "LUA_T=lua.exe" \
	"AR=$(CC) -shared -o" "RANLIB=strip --strip-unneeded" \
	"SYSCFLAGS=-DLUA_BUILD_AS_DLL" "SYSLIBS=" "SYSLDFLAGS=-s" lua.exe
	$(MAKE) "LUAC_T=luac.exe" luac.exe

lmathlib.o: lmathlib.c lprefix.h lua.h luaconf.h lauxlib.h lualib.h
#  Implicit rule search has been done.
#  Last modified 2021-11-28 22:07:54.047891386
#  File has been updated.
#  Successfully updated.

loadlib.o: loadlib.c lprefix.h lua.h luaconf.h lauxlib.h lualib.h
#  Implicit rule search has been done.
#  Last modified 2021-11-28 22:07:54.631849621
#  File has been updated.
#  Successfully updated.

# Not a target:
lfunc.c:
#  Implicit rule search has been done.
#  Last modified 2021-11-28 21:55:20.626031
#  File has been updated.
#  Successfully updated.

# Not a target:
lprefix.h:
#  Implicit rule search has been done.
#  Last modified 2021-11-28 21:55:20.630032
#  File has been updated.
#  Successfully updated.

# Not a target:
Makefile:
#  Implicit rule search has been done.
#  Last modified 2021-11-28 22:07:35.009266445
#  File has been updated.
#  Successfully updated.

# Not a target:
ltm.h:
#  Implicit rule search has been done.
#  Last modified 2021-11-28 21:55:20.630032
#  File has been updated.
#  Successfully updated.

# Not a target:
lstring.c:
#  Implicit rule search has been done.
#  Last modified 2021-11-28 21:55:20.630032
#  File has been updated.
#  Successfully updated.

# Not a target:
lcode.h:
#  Implicit rule search has been done.
#  Last modified 2021-11-28 21:55:20.626031
#  File has been updated.
#  Successfully updated.

# Not a target:
ltm.c:
#  Implicit rule search has been done.
#  Last modified 2021-11-28 21:55:20.630032
#  File has been updated.
#  Successfully updated.

# Not a target:
ldebug.c:
#  Implicit rule search has been done.
#  Last modified 2021-11-28 21:55:20.626031
#  File has been updated.
#  Successfully updated.

# Not a target:
lvm.h:
#  Implicit rule search has been done.
#  Last modified 2021-11-28 21:55:20.630032
#  File has been updated.
#  Successfully updated.

# Not a target:
lauxlib.c:
#  Implicit rule search has been done.
#  Last modified 2021-11-28 21:55:20.626031
#  File has been updated.
#  Successfully updated.

# Not a target:
ldump.c:
#  Implicit rule search has been done.
#  Last modified 2021-11-28 21:55:20.626031
#  File has been updated.
#  Successfully updated.

loslib.o: loslib.c lprefix.h lua.h luaconf.h lauxlib.h lualib.h
#  Implicit rule search has been done.
#  Last modified 2021-11-28 22:07:54.111886809
#  File has been updated.
#  Successfully updated.

# Not a target:
lfunc.h:
#  Implicit rule search has been done.
#  Last modified 2021-11-28 21:55:20.626031
#  File has been updated.
#  Successfully updated.

lgc.o: lgc.c lprefix.h lua.h luaconf.h ldebug.h lstate.h lobject.h llimits.h ltm.h lzio.h lmem.h ldo.h lfunc.h lgc.h lstring.h ltable.h
#  Implicit rule search has been done.
#  Last modified 2021-11-28 22:07:52.096031175
#  File has been updated.
#  Successfully updated.

lapi.o: lapi.c lprefix.h lua.h luaconf.h lapi.h llimits.h lstate.h lobject.h ltm.h lzio.h lmem.h ldebug.h ldo.h lfunc.h lgc.h lstring.h ltable.h lundump.h lvm.h
#  Implicit rule search has been done.
#  Last modified 2021-11-28 22:07:51.32808625
#  File has been updated.
#  Successfully updated.

lundump.o: lundump.c lprefix.h lua.h luaconf.h ldebug.h lstate.h lobject.h llimits.h ltm.h lzio.h lmem.h ldo.h lfunc.h lstring.h lgc.h lundump.h
#  Implicit rule search has been done.
#  Last modified 2021-11-28 22:07:53.00796583
#  File has been updated.
#  Successfully updated.

# Not a target:
lstring.h:
#  Implicit rule search has been done.
#  Last modified 2021-11-28 21:55:20.630032
#  File has been updated.
#  Successfully updated.

# Not a target:
lzio.c:
#  Implicit rule search has been done.
#  Last modified 2021-11-28 21:55:20.630032
#  File has been updated.
#  Successfully updated.

luac: luac.o liblua.a
#  Implicit rule search has not been done.
#  Modification time never checked.
#  File has not been updated.
#  recipe to execute (from 'Makefile', line 66):
	$(CC) -o $@ $(LDFLAGS) $(LUAC_O) $(LUA_A) $(LIBS)

# Not a target:
lstate.c:
#  Implicit rule search has been done.
#  Last modified 2021-11-28 21:55:20.630032
#  File has been updated.
#  Successfully updated.

# Not a target:
lctype.c:
#  Implicit rule search has been done.
 
#  Last modified 2021-11-28 21:55:20.626031
#  File has been updated.
#  Successfully updated.

default: none
#  Phony target (prerequisite of .PHONY).
#  Implicit rule search has not been done.
#  File does not exist.
#  File has not been updated.

luac.o: luac.c lprefix.h lua.h luaconf.h lauxlib.h lobject.h llimits.h lstate.h ltm.h lzio.h lmem.h lundump.h ldebug.h lopcodes.h
#  Implicit rule search has not been done.
#  Modification time never checked.
#  File has not been updated.

lutf8lib.o: lutf8lib.c lprefix.h lua.h luaconf.h lauxlib.h lualib.h
#  Implicit rule search has been done.
#  Last modified 2021-11-28 22:07:54.555855055
#  File has been updated.
#  Successfully updated.

lbaselib.o: lbaselib.c lprefix.h lua.h luaconf.h lauxlib.h lualib.h
#  Implicit rule search has been done.
#  Last modified 2021-11-28 22:07:53.65191973
#  File has been updated.
#  Successfully updated.

# Not a target:
ldebug.h:
#  Implicit rule search has been done.
#  Last modified 2021-11-28 21:55:20.626031
#  File has been updated.
#  Successfully updated.

# Not a target:
lauxlib.h:
#  Implicit rule search has been done.
#  Last modified 2021-11-28 21:55:20.626031
#  File has been updated.
#  Successfully updated.

lmem.o: lmem.c lprefix.h lua.h luaconf.h ldebug.h lstate.h lobject.h llimits.h ltm.h lzio.h lmem.h ldo.h lgc.h
#  Implicit rule search has been done.
#  Last modified 2021-11-28 22:07:52.264019139
#  File has been updated.
#  Successfully updated.

liolib.o: liolib.c lprefix.h lua.h luaconf.h lauxlib.h lualib.h
#  Implicit rule search has been done.
#  Last modified 2021-11-28 22:07:53.963897396
#  File has been updated.
#  Successfully updated.

solaris:
#  Phony target (prerequisite of .PHONY).
#  Implicit rule search has not been done.
#  File does not exist.
#  File has not been updated.
#  recipe to execute (from 'Makefile', line 125):
	$(MAKE) $(ALL) SYSCFLAGS="-DLUA_USE_POSIX -DLUA_USE_DLOPEN -D_REENTRANT" SYSLIBS="-ldl"

none:
#  Phony target (prerequisite of .PHONY).
#  Implicit rule search has not been done.
#  File does not exist.
#  File has not been updated.
#  recipe to execute (from 'Makefile', line 88):
	@echo "Please do 'make PLATFORM' where PLATFORM is one of these:"
	@echo "   $(PLATS)"

# Not a target:
lobject.c:
#  Implicit rule search has been done.
#  Last modified 2021-11-28 21:55:20.630032
#  File has been updated.
#  Successfully updated.

depend:
#  Phony target (prerequisite of .PHONY).
#  Implicit rule search has not been done.
#  File does not exist.
#  File has not been updated.
#  recipe to execute (from 'Makefile', line 72):
	@$(CC) $(CFLAGS) -MM l*.c

# Not a target:
ldo.h:
#  Implicit rule search has been done.
#  Last modified 2021-11-28 21:55:20.626031
#  File has been updated.
#  Successfully updated.

lbitlib.o: lbitlib.c lprefix.h lua.h luaconf.h lauxlib.h lualib.h
#  Implicit rule search has been done.
#  Last modified 2021-11-28 22:07:53.699916294
#  File has been updated.
#  Successfully updated.

# Not a target:
.DEFAULT:
#  Implicit rule search has not been done.
#  Modification time never checked.
#  File has not been updated.

# Not a target:
lmathlib.c:
#  Implicit rule search has been done.
#  Last modified 2021-11-28 21:55:20.630032
#  File has been updated.
#  Successfully updated.

ldblib.o: ldblib.c lprefix.h lua.h luaconf.h lauxlib.h lualib.h
#  Implicit rule search has been done.
#  Last modified 2021-11-28 22:07:53.831906845
#  File has been updated.
#  Successfully updated.

# Not a target:
loadlib.c:
#  Implicit rule search has been done.
#  Last modified 2021-11-28 21:55:20.630032
#  File has been updated.
#  Successfully updated.

# Not a target:
lzio.h:
#  Implicit rule search has been done.
#  Last modified 2021-11-28 21:55:20.630032
#  File has been updated.
#  Successfully updated.

# Not a target:
lstate.h:
#  Implicit rule search has been done.
#  Last modified 2021-11-28 21:55:20.630032
#  File has been updated.
#  Successfully updated.

# Not a target:
lctype.h:
#  Implicit rule search has been done.
#  Last modified 2021-11-28 21:55:20.626031
#  File has been updated.
#  Successfully updated.

lstrlib.o: lstrlib.c lprefix.h lua.h luaconf.h lauxlib.h lualib.h
#  Implicit rule search has been done.
#  Last modified 2021-11-28 22:07:54.40786564
#  File has been updated.
#  Successfully updated.

# Not a target:
lualib.h:
#  Implicit rule search has been done.
#  Last modified 2021-11-28 21:55:20.630032
#  File has been updated.
#  Successfully updated.

echo:
#  Phony target (prerequisite of .PHONY).
#  Implicit rule search has not been done.
#  File does not exist.
#  File has not been updated.
#  recipe to execute (from 'Makefile', line 75):
	@echo "PLAT= $(PLAT)"
	@echo "CC= $(CC)"
	@echo "CFLAGS= $(CFLAGS)"
	@echo "LDFLAGS= $(SYSLDFLAGS)"
	@echo "LIBS= $(LIBS)"
	@echo "AR= $(AR)"
	@echo "RANLIB= $(RANLIB)"
	@echo "RM= $(RM)"

# Not a target:
llimits.h:
#  Implicit rule search has been done.
#  Last modified 2021-11-28 21:55:20.630032
#  File has been updated.
#  Successfully updated.

bsd:
#  Phony target (prerequisite of .PHONY).
#  Implicit rule search has not been done.
#  File does not exist.
#  File has not been updated.
#  recipe to execute (from 'Makefile', line 95):
	$(MAKE) $(ALL) SYSCFLAGS="-DLUA_USE_POSIX -DLUA_USE_DLOPEN" SYSLIBS="-Wl,-E"

clean:
#  Phony target (prerequisite of .PHONY).
#  Implicit rule search has not been done.
#  File does not exist.
#  File has not been updated.
#  recipe to execute (from 'Makefile', line 69):
	$(RM) $(ALL_T) $(ALL_O)

# Not a target:
lobject.h:
#  Implicit rule search has been done.
#  Last modified 2021-11-28 21:55:20.630032
#  File has been updated.
#  Successfully updated.

lparser.o: lparser.c lprefix.h lua.h luaconf.h lcode.h llex.h lobject.h llimits.h lzio.h lmem.h lopcodes.h lparser.h ldebug.h lstate.h ltm.h ldo.h lfunc.h lstring.h lgc.h ltable.h
#  Implicit rule search has been done.
#  Last modified 2021-11-28 22:07:52.647991624
#  File has been updated.
#  Successfully updated.

lua: lua.o liblua.a
#  Implicit rule search has not been done.
#  Modification time never checked.
#  File has not been updated.
#  recipe to execute (from 'Makefile', line 63):
	$(CC) -o $@ $(LDFLAGS) $(LUA_O) $(LUA_A) $(LIBS)

macosx:
#  Phony target (prerequisite of .PHONY).
#  Implicit rule search has not been done.
#  File does not exist.
#  File has not been updated.
#  recipe to execute (from 'Makefile', line 113):
	$(MAKE) $(ALL) SYSCFLAGS="-DLUA_USE_MACOSX" SYSLIBS="-lreadline" CC=cc

lua.o: lua.c lprefix.h lua.h luaconf.h lauxlib.h lualib.h
#  Implicit rule search has not been done.
#  Modification time never checked.
#  File has not been updated.

# Not a target:
ldo.c:
#  Implicit rule search has been done.
 
#  Last modified 2021-11-28 21:55:20.626031
#  File has been updated.
#  Successfully updated.

llex.o: llex.c lprefix.h lua.h luaconf.h lctype.h llimits.h ldebug.h lstate.h lobject.h ltm.h lzio.h lmem.h ldo.h lgc.h llex.h lparser.h lstring.h ltable.h
#  Implicit rule search has been done.
#  Last modified 2021-11-28 22:07:52.240020858
#  File has been updated.
#  Successfully updated.

posix:
#  Phony target (prerequisite of .PHONY).
#  Implicit rule search has not been done.
#  File does not exist.
#  File has not been updated.
#  recipe to execute (from 'Makefile', line 122):
	$(MAKE) $(ALL) SYSCFLAGS="-DLUA_USE_POSIX"

lopcodes.o: lopcodes.c lprefix.h lopcodes.h llimits.h lua.h luaconf.h
#  Implicit rule search has been done.
#  Last modified 2021-11-28 22:07:52.388010253
#  File has been updated.
#  Successfully updated.

linit.o: linit.c lprefix.h lua.h luaconf.h lualib.h lauxlib.h
#  Implicit rule search has been done.
#  Last modified 2021-11-28 22:07:54.65184819
#  File has been updated.
#  Successfully updated.

# Not a target:
lgc.c:
#  Implicit rule search has been done.
#  Last modified 2021-11-28 21:55:20.626031
#  File has been updated.
#  Successfully updated.

# Not a target:
lapi.c:
#  Implicit rule search has been done.
#  Last modified 2021-11-28 21:55:20.626031
#  File has been updated.
#  Successfully updated.

ltable.o: ltable.c lprefix.h lua.h luaconf.h ldebug.h lstate.h lobject.h llimits.h ltm.h lzio.h lmem.h ldo.h lgc.h lstring.h ltable.h lvm.h
#  Implicit rule search has been done.
#  Last modified 2021-11-28 22:07:52.899973568
#  File has been updated.
#  Successfully updated.

ltm.o: ltm.c lprefix.h lua.h luaconf.h ldebug.h lstate.h lobject.h llimits.h ltm.h lzio.h lmem.h ldo.h lstring.h lgc.h ltable.h lvm.h
#  Implicit rule search has been done.
#  Last modified 2021-11-28 22:07:52.939970702
#  File has been updated.
#  Successfully updated.

# Not a target:
lundump.c:
#  Implicit rule search has been done.
#  Last modified 2021-11-28 21:55:20.630032
#  File has been updated.
#  Successfully updated.

ldo.o: ldo.c lprefix.h lua.h luaconf.h lapi.h llimits.h lstate.h lobject.h ltm.h lzio.h lmem.h ldebug.h ldo.h lfunc.h lgc.h lopcodes.h lparser.h lstring.h ltable.h lundump.h lvm.h
#  Implicit rule search has been done.
#  Last modified 2021-11-28 22:07:51.792052973
#  File has been updated.
#  Successfully updated.

linux:
#  Phony target (prerequisite of .PHONY).
#  Implicit rule search has not been done.
#  File does not exist.
#  File has not been updated.
#  recipe to execute (from 'Makefile', line 110):
	$(MAKE) $(ALL) SYSCFLAGS="-DLUA_USE_LINUX" SYSLIBS="-Wl,-E -ldl -lreadline"

c89:
#  Phony target (prerequisite of .PHONY).
#  Implicit rule search has not been done.
#  File does not exist.
#  File has not been updated.
#  recipe to execute (from 'Makefile', line 98):
	$(MAKE) $(ALL) SYSCFLAGS="-DLUA_USE_C89" CC="gcc -std=c89"
	@echo ''
	@echo '*** C89 does not guarantee 64-bit integers for Lua.'
	@echo ''

lcode.o: lcode.c lprefix.h lua.h luaconf.h lcode.h llex.h lobject.h llimits.h lzio.h lmem.h lopcodes.h lparser.h ldebug.h lstate.h ltm.h ldo.h lgc.h lstring.h ltable.h lvm.h
#  Implicit rule search has been done.
#  Last modified 2021-11-28 22:07:51.524072193
#  File has been updated.
#  Successfully updated.

# Not a target:
luac.c:
#  Implicit rule search has not been done.
#  Modification time never checked.
#  File has not been updated.

# Not a target:
lutf8lib.c:
#  Implicit rule search has been done.
#  Last modified 2021-11-28 21:55:20.630032
#  File has been updated.
#  Successfully updated.

# Not a target:
lbaselib.c:
#  Implicit rule search has been done.
#  Last modified 2021-11-28 21:55:20.626031
#  File has been updated.
#  Successfully updated.

# Not a target:
luaconf.h:
#  Implicit rule search has been done.
#  Last modified 2021-11-28 21:55:20.630032
#  File has been updated.
#  Successfully updated.

lvm.o: lvm.c lprefix.h lua.h luaconf.h ldebug.h lstate.h lobject.h llimits.h ltm.h lzio.h lmem.h ldo.h lfunc.h lgc.h lopcodes.h lstring.h ltable.h lvm.h
#  Implicit rule search has been done.
#  Last modified 2021-11-28 22:07:53.363940346
#  File has been updated.
#  Successfully updated.

# Not a target:
lmem.c:
#  Implicit rule search has been done.
#  Last modified 2021-11-28 21:55:20.630032
#  File has been updated.
#  Successfully updated.

# Not a target:
liolib.c:
#  Implicit rule search has been done.
#  Last modified 2021-11-28 21:55:20.630032
#  File has been updated.
#  Successfully updated.

aix:
#  Phony target (prerequisite of .PHONY).
#  Implicit rule search has not been done.
#  File does not exist.
#  File has not been updated.
#  recipe to execute (from 'Makefile', line 92):
	$(MAKE) $(ALL) CC="xlc" CFLAGS="-O2 -DLUA_USE_POSIX -DLUA_USE_DLOPEN" SYSLIBS="-ldl" SYSLDFLAGS="-brtl -bexpall"

lfunc.o: lfunc.c lprefix.h lua.h luaconf.h lfunc.h lobject.h llimits.h lgc.h lstate.h ltm.h lzio.h lmem.h
#  Implicit rule search has been done.
#  Last modified 2021-11-28 22:07:51.8920458
#  File has been updated.
#  Successfully updated.

# Not a target:
lgc.h:
#  Implicit rule search has been done.
#  Last modified 2021-11-28 21:55:20.626031
#  File has been updated.
#  Successfully updated.

# Not a target:
lapi.h:
#  Implicit rule search has been done.
#  Last modified 2021-11-28 21:55:20.626031
#  File has been updated.
#  Successfully updated.

# Not a target:
lundump.h:
#  Implicit rule search has been done.
#  Last modified 2021-11-28 21:55:20.630032
#  File has been updated.
#  Successfully updated.

# Not a target:
ltable.h:
#  Implicit rule search has been done.
#  Last modified 2021-11-28 21:55:20.630032
#  File has been updated.
#  Successfully updated.

# Not a target:
ldblib.c:
#  Implicit rule search has been done.
#  Last modified 2021-11-28 21:55:20.626031
#  File has been updated.
#  Successfully updated.

lstring.o: lstring.c lprefix.h lua.h luaconf.h ldebug.h lstate.h lobject.h llimits.h ltm.h lzio.h lmem.h ldo.h lstring.h lgc.h
#  Implicit rule search has been done.
#  Last modified 2021-11-28 22:07:52.767983027
#  File has been updated.
#  Successfully updated.

# Not a target:
lstrlib.c:
#  Implicit rule search has been done.
#  Last modified 2021-11-28 21:55:20.630032
#  File has been updated.
#  Successfully updated.

generic: all
#  Phony target (prerequisite of .PHONY).
#  Implicit rule search has not been done.
#  File does not exist.
#  File has not been updated.

# files hash-table stats:
# Load=120/1024=12%, Rehash=0, Collisions=55/667=8%
# VPATH Search Paths

# No 'vpath' search paths.

# No general ('VPATH' variable) search path.

# strcache buffers: 1 (0) / strings = 126 / storage = 1026 B / avg = 8 B
# current buf: size = 8162 B / used = 1026 B / count = 126 / avg = 8 B

# strcache performance: lookups = 723 / hit rate = 82%
# hash-table stats:
# Load=126/8192=2%, Rehash=0, Collisions=28/723=4%
# Finished Make data base on Sun Nov 28 22:14:02 2021

 
